/usr/local/envs/minerl/lib/python3.6/site-packages/gym/logger.py:30: UserWarning: WARN: Box bound precision lowered by casting to float32
  warnings.warn(colorize('%s: %s'%('WARN', msg % args), 'yellow'))
INFO:cached_kmeans:Load dataset & do kmeans
INFO     - 2020-12-04 04:59:55,075 - [cached_kmeans cached_kmeans 19] Load dataset & do kmeans
0it [00:00, ?it/s]
  0% 0/209 [00:00<?, ?it/s]
100% 209/209 [00:00<00:00, 664.56it/s]
835it [04:00,  3.48it/s]
INFO:__main__:Output files are saved in result/d96396abf6792578d05fb60474825641913e500d-80ed6065-29fe7a64/d96396abf6792578d05fb60474825641913e500d-80ed6065-29fe7a64
INFO     - 2020-12-04 05:04:49,834 - [__main__ main 251] Output files are saved in result/d96396abf6792578d05fb60474825641913e500d-80ed6065-29fe7a64/d96396abf6792578d05fb60474825641913e500d-80ed6065-29fe7a64
INFO:__main__:The first `gym.make(MineRL*)` may take several minutes. Be patient!
INFO     - 2020-12-04 05:04:49,835 - [__main__ main 306] The first `gym.make(MineRL*)` may take several minutes. Be patient!
INFO:minerl.env.malmo.instance.da1942:Starting Minecraft process: ['/tmp/tmpvvfpgp37/Minecraft/launchClient.sh', '-port', '10024', '-env', '-runDir', '/tmp/tmpvvfpgp37/Minecraft/run']
INFO     - 2020-12-04 05:04:49,990 - [minerl.env.malmo.instance.da1942 _launch_minecraft 671] Starting Minecraft process: ['/tmp/tmpvvfpgp37/Minecraft/launchClient.sh', '-port', '10024', '-env', '-runDir', '/tmp/tmpvvfpgp37/Minecraft/run']
INFO:minerl.env.malmo.instance.da1942:Starting process watcher for process 31065 @ localhost:10024
INFO     - 2020-12-04 05:04:50,245 - [minerl.env.malmo.instance.da1942 _launch_process_watcher 694] Starting process watcher for process 31065 @ localhost:10024
INFO:minerl.env.malmo.instance.da1942:Minecraft process ready
INFO     - 2020-12-04 05:06:13,019 - [minerl.env.malmo.instance.da1942 launch 533] Minecraft process ready
INFO:minerl.env.malmo:Logging output of Minecraft to ./logs/mc_1024.log
INFO     - 2020-12-04 05:06:13,035 - [minerl.env.malmo log_to_file 548] Logging output of Minecraft to ./logs/mc_1024.log
INFO:__main__:Detected `gym.wrappers.TimeLimit`! Unwrap it and re-wrap our own time limit.
INFO     - 2020-12-04 05:06:13,086 - [__main__ make_env 270] Detected `gym.wrappers.TimeLimit`! Unwrap it and re-wrap our own time limit.
INFO:__main__:Detected `gym.wrappers.TimeLimit`! Unwrap it and re-wrap our own time limit.
INFO     - 2020-12-04 05:06:13,091 - [__main__ make_env 270] Detected `gym.wrappers.TimeLimit`! Unwrap it and re-wrap our own time limit.
INFO:pfrl.experiments.evaluator:evaluation episode 0 length:2000 R:1.0
INFO     - 2020-12-04 05:12:18,745 - [pfrl.experiments.evaluator _run_episodes 63] evaluation episode 0 length:2000 R:1.0
INFO:pfrl.experiments.evaluator:evaluation episode 1 length:2000 R:1.0
INFO     - 2020-12-04 05:20:46,893 - [pfrl.experiments.evaluator _run_episodes 63] evaluation episode 1 length:2000 R:1.0
INFO:pfrl.experiments.evaluator:evaluation episode 2 length:2000 R:6.0
INFO     - 2020-12-04 05:27:03,380 - [pfrl.experiments.evaluator _run_episodes 63] evaluation episode 2 length:2000 R:6.0
INFO:pfrl.experiments.evaluator:evaluation episode 3 length:2000 R:2.0
INFO     - 2020-12-04 05:32:24,635 - [pfrl.experiments.evaluator _run_episodes 63] evaluation episode 3 length:2000 R:2.0
INFO:pfrl.experiments.evaluator:evaluation episode 4 length:2000 R:2.0
INFO     - 2020-12-04 05:37:10,558 - [pfrl.experiments.evaluator _run_episodes 63] evaluation episode 4 length:2000 R:2.0
INFO:pfrl.experiments.evaluator:evaluation episode 5 length:2000 R:0.0
INFO     - 2020-12-04 05:41:49,122 - [pfrl.experiments.evaluator _run_episodes 63] evaluation episode 5 length:2000 R:0.0
INFO:pfrl.experiments.evaluator:evaluation episode 6 length:2000 R:0.0
INFO     - 2020-12-04 05:46:51,594 - [pfrl.experiments.evaluator _run_episodes 63] evaluation episode 6 length:2000 R:0.0
INFO:pfrl.experiments.evaluator:evaluation episode 7 length:2000 R:0.0
INFO     - 2020-12-04 05:51:43,291 - [pfrl.experiments.evaluator _run_episodes 63] evaluation episode 7 length:2000 R:0.0
INFO:pfrl.experiments.evaluator:evaluation episode 8 length:2000 R:0.0
INFO     - 2020-12-04 05:56:39,437 - [pfrl.experiments.evaluator _run_episodes 63] evaluation episode 8 length:2000 R:0.0
Exception in thread Thread-7:
Traceback (most recent call last):
  File "/usr/local/envs/minerl/lib/python3.6/site-packages/minerl/env/malmo.py", line 576, in log_to_file
    mine_log.flush()
OSError: [Errno 107] Transport endpoint is not connected

During handling of the above exception, another exception occurred:

OSError: [Errno 107] Transport endpoint is not connected

During handling of the above exception, another exception occurred:

Traceback (most recent call last):
  File "/usr/local/envs/minerl/lib/python3.6/threading.py", line 916, in _bootstrap_inner
    self.run()
  File "/usr/local/envs/minerl/lib/python3.6/threading.py", line 864, in run
    self._target(*self._args, **self._kwargs)
  File "/usr/local/envs/minerl/lib/python3.6/site-packages/minerl/env/malmo.py", line 578, in log_to_file
    mine_log.close()
OSError: [Errno 107] Transport endpoint is not connected

INFO:pfrl.experiments.evaluator:evaluation episode 9 length:2000 R:0.0
INFO     - 2020-12-04 06:02:17,720 - [pfrl.experiments.evaluator _run_episodes 63] evaluation episode 9 length:2000 R:0.0
INFO:__main__:n_runs: 10 mean: 1.2 median: 0.5 stdev: 1.8737959096740262
INFO     - 2020-12-04 06:02:17,721 - [__main__ main 415] n_runs: 10 mean: 1.2 median: 0.5 stdev: 1.8737959096740262
INFO:minerl.env.malmo:Minecraft process psutil.Process(pid=31065, status='terminated', exitcode=0, started='05:04:49') terminated with exit code 0
INFO     - 2020-12-04 06:02:20,840 - [minerl.env.malmo on_terminate 373] Minecraft process psutil.Process(pid=31065, status='terminated', exitcode=0, started='05:04:49') terminated with exit code 0